Using pre-set license
Built from '2022.3/release' branch; Version is '2022.3.18f1 (d29bea25151d) revision 13802474'; Using compiler version '192829333'; Build Type 'Release'
OS: 'Windows 11  (10.0.22631) 64bit Professional' Language: 'en' Physical Memory: 16251 MB
BatchMode: 1, IsHumanControllingUs: 0, StartBugReporterOnCrash: 0, Is64bit: 1, IsPro: 1

COMMAND LINE ARGUMENTS:
C:\Program Files\Unity\Hub\Editor\2022.3.18f1\Editor\Unity.exe
-adb2
-batchMode
-noUpm
-name
AssetImportWorker0
-projectPath
G:/MetaMed FYP/Medical FYP Builtin
-logFile
Logs/AssetImportWorker0.log
-srvPort
50508
Successfully changed project path to: G:/MetaMed FYP/Medical FYP Builtin
G:/MetaMed FYP/Medical FYP Builtin
[UnityMemory] Configuration Parameters - Can be set up in boot.config
    "memorysetup-bucket-allocator-granularity=16"
    "memorysetup-bucket-allocator-bucket-count=8"
    "memorysetup-bucket-allocator-block-size=33554432"
    "memorysetup-bucket-allocator-block-count=8"
    "memorysetup-main-allocator-block-size=16777216"
    "memorysetup-thread-allocator-block-size=16777216"
    "memorysetup-gfx-main-allocator-block-size=16777216"
    "memorysetup-gfx-thread-allocator-block-size=16777216"
    "memorysetup-cache-allocator-block-size=4194304"
    "memorysetup-typetree-allocator-block-size=2097152"
    "memorysetup-profiler-bucket-allocator-granularity=16"
    "memorysetup-profiler-bucket-allocator-bucket-count=8"
    "memorysetup-profiler-bucket-allocator-block-size=33554432"
    "memorysetup-profiler-bucket-allocator-block-count=8"
    "memorysetup-profiler-allocator-block-size=16777216"
    "memorysetup-profiler-editor-allocator-block-size=1048576"
    "memorysetup-temp-allocator-size-main=16777216"
    "memorysetup-job-temp-allocator-block-size=2097152"
    "memorysetup-job-temp-allocator-block-size-background=1048576"
    "memorysetup-job-temp-allocator-reduction-small-platforms=262144"
    "memorysetup-allocator-temp-initial-block-size-main=262144"
    "memorysetup-allocator-temp-initial-block-size-worker=262144"
    "memorysetup-temp-allocator-size-background-worker=32768"
    "memorysetup-temp-allocator-size-job-worker=262144"
    "memorysetup-temp-allocator-size-preload-manager=33554432"
    "memorysetup-temp-allocator-size-nav-mesh-worker=65536"
    "memorysetup-temp-allocator-size-audio-worker=65536"
    "memorysetup-temp-allocator-size-cloud-worker=32768"
    "memorysetup-temp-allocator-size-gi-baking-worker=262144"
    "memorysetup-temp-allocator-size-gfx=262144"
Player connection [13164] Host "[IP] 172.16.5.198 [Port] 0 [Flags] 2 [Guid] 4093024807 [EditorId] 4093024807 [Version] 1048832 [Id] WindowsEditor(7,DESKTOP-QPMECNT) [Debug] 1 [PackageName] WindowsEditor [ProjectName] Editor" joined multi-casting on [225.0.0.222:54997]...

Player connection [13164] Host "[IP] 172.16.5.198 [Port] 0 [Flags] 2 [Guid] 4093024807 [EditorId] 4093024807 [Version] 1048832 [Id] WindowsEditor(7,DESKTOP-QPMECNT) [Debug] 1 [PackageName] WindowsEditor [ProjectName] Editor" joined alternative multi-casting on [225.0.0.222:34997]...

[Physics::Module] Initialized MultithreadedJobDispatcher with 11 workers.
Refreshing native plugins compatible for Editor in 27.25 ms, found 12 plugins.
Preloading 1 native plugins for Editor in 0.48 ms.
Initialize engine version: 2022.3.18f1 (d29bea25151d)
[Subsystems] Discovering subsystems at path C:/Program Files/Unity/Hub/Editor/2022.3.18f1/Editor/Data/Resources/UnitySubsystems
[Subsystems] Discovering subsystems at path G:/MetaMed FYP/Medical FYP Builtin/Assets
GfxDevice: creating device client; threaded=0; jobified=0
Direct3D:
    Version:  Direct3D 11.0 [level 11.1]
    Renderer: NVIDIA GeForce RTX 2080 Ti (ID=0x1e07)
    Vendor:   NVIDIA
    VRAM:     11027 MB
    Driver:   32.0.15.5585
Initialize mono
Mono path[0] = 'C:/Program Files/Unity/Hub/Editor/2022.3.18f1/Editor/Data/Managed'
Mono path[1] = 'C:/Program Files/Unity/Hub/Editor/2022.3.18f1/Editor/Data/MonoBleedingEdge/lib/mono/unityjit-win32'
Mono config path = 'C:/Program Files/Unity/Hub/Editor/2022.3.18f1/Editor/Data/MonoBleedingEdge/etc'
Using monoOptions --debugger-agent=transport=dt_socket,embedding=1,server=y,suspend=n,address=127.0.0.1:56036
Begin MonoManager ReloadAssembly
Registering precompiled unity dll's ...
Register platform support module: C:/Program Files/Unity/Hub/Editor/2022.3.18f1/Editor/Data/PlaybackEngines/AndroidPlayer/UnityEditor.Android.Extensions.dll
Register platform support module: C:/Program Files/Unity/Hub/Editor/2022.3.18f1/Editor/Data/PlaybackEngines/WindowsStandaloneSupport/UnityEditor.WindowsStandalone.Extensions.dll
Registered in 0.005923 seconds.
- Loaded All Assemblies, in  0.304 seconds
Native extension for WindowsStandalone target not found
Native extension for Android target not found
Mono: successfully reloaded assembly
- Finished resetting the current domain, in  0.259 seconds
Domain Reload Profiling: 563ms
	BeginReloadAssembly (95ms)
		ExecutionOrderSort (0ms)
		DisableScriptedObjects (0ms)
		BackupInstance (0ms)
		ReleaseScriptingObjects (0ms)
		CreateAndSetChildDomain (1ms)
	RebuildCommonClasses (27ms)
	RebuildNativeTypeToScriptingClass (8ms)
	initialDomainReloadingComplete (47ms)
	LoadAllAssembliesAndSetupDomain (126ms)
		LoadAssemblies (94ms)
		RebuildTransferFunctionScriptingTraits (0ms)
		AnalyzeDomain (124ms)
			TypeCache.Refresh (122ms)
				TypeCache.ScanAssembly (110ms)
			ScanForSourceGeneratedMonoScriptInfo (1ms)
			ResolveRequiredComponents (1ms)
	FinalizeReload (260ms)
		ReleaseScriptCaches (0ms)
		RebuildScriptCaches (0ms)
		SetupLoadedEditorAssemblies (212ms)
			LogAssemblyErrors (0ms)
			InitializePlatformSupportModulesInManaged (68ms)
			SetLoadedEditorAssemblies (3ms)
			RefreshPlugins (0ms)
			BeforeProcessingInitializeOnLoad (2ms)
			ProcessInitializeOnLoadAttributes (100ms)
			ProcessInitializeOnLoadMethodAttributes (40ms)
			AfterProcessingInitializeOnLoad (0ms)
			EditorAssembliesLoaded (0ms)
		ExecutionOrderSort2 (0ms)
		AwakeInstancesAfterBackupRestoration (0ms)
========================================================================
Worker process is ready to serve import requests
Begin MonoManager ReloadAssembly
Symbol file LoadedFromMemory is not a mono symbol file
- Loaded All Assemblies, in  0.727 seconds
Refreshing native plugins compatible for Editor in 10.21 ms, found 12 plugins.
Native extension for WindowsStandalone target not found
Native extension for Android target not found
Package Manager log level set to [2]
[Package Manager] Server::EnsureServerProcessIsRunning -- launch failed, reason: Unity was launched with the -noUpm command-line argument
[Package Manager] UpmClient::Send -- Unable to send message (not connected to UPM process).
[Package Manager] Cannot connect to Unity Package Manager local server
[Package Manager] Server::EnsureServerProcessIsRunning -- launch failed, reason: Unity was launched with the -noUpm command-line argument
[Package Manager] UpmClient::Send -- Unable to send message (not connected to UPM process).
[Package Manager] Cannot connect to Unity Package Manager local server
[Package Manager] Server::EnsureServerProcessIsRunning -- launch failed, reason: Unity was launched with the -noUpm command-line argument
[Package Manager] UpmClient::Send -- Unable to send message (not connected to UPM process).
[Package Manager] Cannot connect to Unity Package Manager local server
System.Reflection.TargetInvocationException: Exception has been thrown by the target of an invocation. ---> System.NullReferenceException: Object reference not set to an instance of an object
  at Unity.XR.Oculus.OculusLoader.AssetPathToAbsolutePath (System.String assetPath) [0x00040] in .\Library\PackageCache\com.unity.xr.oculus@4.1.2\Runtime\OculusLoader.cs:287 
  at Unity.XR.Oculus.OculusLoader.EditorLoadOVRPlugin () [0x00084] in .\Library\PackageCache\com.unity.xr.oculus@4.1.2\Runtime\OculusLoader.cs:272 
  at (wrapper managed-to-native) System.Reflection.RuntimeMethodInfo.InternalInvoke(System.Reflection.RuntimeMethodInfo,object,object[],System.Exception&)
  at System.Reflection.RuntimeMethodInfo.Invoke (System.Object obj, System.Reflection.BindingFlags invokeAttr, System.Reflection.Binder binder, System.Object[] parameters, System.Globalization.CultureInfo culture) [0x0006a] in <bfbc89a04b6b4dd49c3614d03fc31ce8>:0 
   --- End of inner exception stack trace ---
  at System.Reflection.RuntimeMethodInfo.Invoke (System.Object obj, System.Reflection.BindingFlags invokeAttr, System.Reflection.Binder binder, System.Object[] parameters, System.Globalization.CultureInfo culture) [0x00083] in <bfbc89a04b6b4dd49c3614d03fc31ce8>:0 
  at System.Reflection.MethodBase.Invoke (System.Object obj, System.Object[] parameters) [0x00000] in <bfbc89a04b6b4dd49c3614d03fc31ce8>:0 
  at UnityEditor.EditorAssemblies.ProcessInitializeOnLoadMethodAttributes () [0x000a5] in <8e887700cd7e4674989da7b046e8eaa6>:0 
UnityEngine.StackTraceUtility:ExtractStackTrace ()
UnityEngine.DebugLogHandler:LogFormat (UnityEngine.LogType,UnityEngine.Object,string,object[])
UnityEngine.Logger:Log (UnityEngine.LogType,object)
UnityEngine.Debug:LogError (object)
UnityEditor.EditorAssemblies:ProcessInitializeOnLoadMethodAttributes ()

Mono: successfully reloaded assembly
[Package Manager] Server::EnsureServerProcessIsRunning -- launch failed, reason: Unity was launched with the -noUpm command-line argument
[Package Manager] UpmClient::Send -- Unable to send message (not connected to UPM process).
[Package Manager] Cannot connect to Unity Package Manager local server
[Package Manager] Server::EnsureServerProcessIsRunning -- launch failed, reason: Unity was launched with the -noUpm command-line argument
[Package Manager] UpmClient::Send -- Unable to send message (not connected to UPM process).
[Package Manager] Cannot connect to Unity Package Manager local server
- Finished resetting the current domain, in  0.690 seconds
Domain Reload Profiling: 1416ms
	BeginReloadAssembly (128ms)
		ExecutionOrderSort (0ms)
		DisableScriptedObjects (4ms)
		BackupInstance (0ms)
		ReleaseScriptingObjects (0ms)
		CreateAndSetChildDomain (20ms)
	RebuildCommonClasses (26ms)
	RebuildNativeTypeToScriptingClass (8ms)
	initialDomainReloadingComplete (51ms)
	LoadAllAssembliesAndSetupDomain (513ms)
		LoadAssemblies (322ms)
		RebuildTransferFunctionScriptingTraits (0ms)
		AnalyzeDomain (267ms)
			TypeCache.Refresh (209ms)
				TypeCache.ScanAssembly (188ms)
			ScanForSourceGeneratedMonoScriptInfo (25ms)
			ResolveRequiredComponents (31ms)
	FinalizeReload (690ms)
		ReleaseScriptCaches (0ms)
		RebuildScriptCaches (0ms)
		SetupLoadedEditorAssemblies (545ms)
			LogAssemblyErrors (0ms)
			InitializePlatformSupportModulesInManaged (18ms)
			SetLoadedEditorAssemblies (3ms)
			RefreshPlugins (0ms)
			BeforeProcessingInitializeOnLoad (72ms)
			ProcessInitializeOnLoadAttributes (356ms)
			ProcessInitializeOnLoadMethodAttributes (90ms)
			AfterProcessingInitializeOnLoad (4ms)
			EditorAssembliesLoaded (0ms)
		ExecutionOrderSort2 (0ms)
		AwakeInstancesAfterBackupRestoration (5ms)
Launched and connected shader compiler UnityShaderCompiler.exe after 0.03 seconds
Refreshing native plugins compatible for Editor in 9.11 ms, found 12 plugins.
Preloading 1 native plugins for Editor in 0.04 ms.
Unloading 6188 Unused Serialized files (Serialized files now loaded: 0)
Unloading 128 unused Assets / (89.9 KB). Loaded Objects now: 6789.
Memory consumption went from 246.1 MB to 246.0 MB.
Total: 5.812400 ms (FindLiveObjects: 0.461900 ms CreateObjectMapping: 0.195900 ms MarkObjects: 4.827800 ms  DeleteObjects: 0.325700 ms)

AssetImportParameters requested are different than current active one (requested -> active):
  custom:container-demuxer-ogg: 62fdf1f143b41e24485cea50d1cbac27 -> 
  custom:video-codec-MediaFoundation-h265: 746d11721c4dcdbdad8f713fa42b33f4 -> 
  custom:video-decoder-ogg-theora: a1e56fd34408186e4bbccfd4996cb3dc -> 
  custom:framework-win-MediaFoundation: 216162199b28c13a410421893ffa2e32 -> 
  custom:CustomObjectIndexerAttribute: 62b5816608c3102f162a1797e29626cf -> 
  custom:container-demuxer-webm: 4f35f7cbe854078d1ac9338744f61a02 -> 
  custom:container-muxer-webm: aa71ff27fc2769a1b78a27578f13a17b -> 
  custom:video-decoder-webm-vp8: 9c59270c3fd7afecdb556c50c9e8de78 -> 
  custom:SearchIndexIgnoredProperties: e643bd26f0fe6173181afceb89e7c659 -> 
  custom:AudioImporter_EditorPlatform: d09bf68614088b80899f8185d706f6e7 -> 
  custom:video-encoder-webm-vp8: eb34c28f22e8b96e1ab97ce403110664 -> 
  custom:audio-decoder-ogg-vorbis: bf7c407c2cedff20999df2af8eb42d56 -> 
  custom:audio-encoder-webm-vorbis: bf7c407c2cedff20999df2af8eb42d56 -> 
========================================================================
Received Import Request.
  Time since last request: 3462.005082 seconds.
  path: Assets/XR
  artifactKey: Guid(74f79a4a8bc458540b63b1af7ce21c34) Importer(815301076,1909f56bfc062723c751e8b465ee728b)
Start importing Assets/XR using Guid(74f79a4a8bc458540b63b1af7ce21c34) Importer(815301076,1909f56bfc062723c751e8b465ee728b)  -> (artifact id: '72a634168c9b4b58e5fbd0d9437e88c3') in 0.002808 seconds
Number of updated asset objects reloaded before import = 0
Number of asset objects unloaded after import = 0
========================================================================
Received Import Request.
  Time since last request: 24.318576 seconds.
  path: Assets/Rayan Ali/Mixamo/Characters/Textures Folder/Ch07_1001_Diffuse.png
  artifactKey: Guid(232e096b59ebc6449861bb4dd5b576a9) Importer(815301076,1909f56bfc062723c751e8b465ee728b)
Start importing Assets/Rayan Ali/Mixamo/Characters/Textures Folder/Ch07_1001_Diffuse.png using Guid(232e096b59ebc6449861bb4dd5b576a9) Importer(815301076,1909f56bfc062723c751e8b465ee728b)  -> (artifact id: '75c1066f9e2297a4eee82fce5258f726') in 0.086558 seconds
Number of updated asset objects reloaded before import = 0
Number of asset objects unloaded after import = 2
========================================================================
Received Import Request.
  Time since last request: 1.501170 seconds.
  path: Assets/Rayan Ali/Mixamo/Characters/Textures Folder/Ch02_1002_Diffuse.png
  artifactKey: Guid(1d1ed318c5afbc843a48d15632ef3fec) Importer(815301076,1909f56bfc062723c751e8b465ee728b)
Start importing Assets/Rayan Ali/Mixamo/Characters/Textures Folder/Ch02_1002_Diffuse.png using Guid(1d1ed318c5afbc843a48d15632ef3fec) Importer(815301076,1909f56bfc062723c751e8b465ee728b)  -> (artifact id: '0b9f4149320b9e24ecae7128d2c923aa') in 0.119545 seconds
Number of updated asset objects reloaded before import = 0
Number of asset objects unloaded after import = 2
========================================================================
Received Import Request.
  Time since last request: 0.825226 seconds.
  path: Assets/Rayan Ali/Mixamo/Characters/Textures Folder/Ch07_1001_Glossiness 1.png
  artifactKey: Guid(546149a44b1cb9e4abe45434fae623cc) Importer(815301076,1909f56bfc062723c751e8b465ee728b)
Start importing Assets/Rayan Ali/Mixamo/Characters/Textures Folder/Ch07_1001_Glossiness 1.png using Guid(546149a44b1cb9e4abe45434fae623cc) Importer(815301076,1909f56bfc062723c751e8b465ee728b)  -> (artifact id: '27f44fcb44c8338a027a8308a7271b10') in 0.044917 seconds
Number of updated asset objects reloaded before import = 0
Number of asset objects unloaded after import = 2
========================================================================
Received Import Request.
  Time since last request: 0.893241 seconds.
  path: Assets/Rayan Ali/Mixamo/Characters/Textures Folder/Ch07_1001_Diffuse 1.png
  artifactKey: Guid(8ddec7c91e9119543bfd3816d00fd5e8) Importer(815301076,1909f56bfc062723c751e8b465ee728b)
Start importing Assets/Rayan Ali/Mixamo/Characters/Textures Folder/Ch07_1001_Diffuse 1.png using Guid(8ddec7c91e9119543bfd3816d00fd5e8) Importer(815301076,1909f56bfc062723c751e8b465ee728b)  -> (artifact id: 'd20d325499a68bb811c1cf171bb61ece') in 0.047677 seconds
Number of updated asset objects reloaded before import = 0
Number of asset objects unloaded after import = 2
========================================================================
Received Import Request.
  Time since last request: 2.884696 seconds.
  path: Assets/Rayan Ali/Mixamo/Characters/Textures Folder/Ch02_1001_Specular.png
  artifactKey: Guid(b9c92d017387ea14c965b2c560ba5dae) Importer(815301076,1909f56bfc062723c751e8b465ee728b)
Start importing Assets/Rayan Ali/Mixamo/Characters/Textures Folder/Ch02_1001_Specular.png using Guid(b9c92d017387ea14c965b2c560ba5dae) Importer(815301076,1909f56bfc062723c751e8b465ee728b)  -> (artifact id: 'e1430aacc72598bac441002ce2d630af') in 0.043836 seconds
Number of updated asset objects reloaded before import = 0
Number of asset objects unloaded after import = 2
========================================================================
Received Import Request.
  Time since last request: 0.672526 seconds.
  path: Assets/Rayan Ali/Mixamo/Characters/Textures Folder/Ch01_1001_Specular.png
  artifactKey: Guid(a4c3766511dd1c344a040a16666365bf) Importer(815301076,1909f56bfc062723c751e8b465ee728b)
Start importing Assets/Rayan Ali/Mixamo/Characters/Textures Folder/Ch01_1001_Specular.png using Guid(a4c3766511dd1c344a040a16666365bf) Importer(815301076,1909f56bfc062723c751e8b465ee728b)  -> (artifact id: 'ecf05208396b227027f32e321a562480') in 0.044490 seconds
Number of updated asset objects reloaded before import = 0
Number of asset objects unloaded after import = 2
========================================================================
Received Import Request.
  Time since last request: 13.502192 seconds.
  path: Assets/Rayan Ali/Mixamo/Characters/Characters/Ch11_nonPBR@Sitting Talking.fbx
  artifactKey: Guid(6a41feb9364141b4ea4e7e496b18640d) Importer(815301076,1909f56bfc062723c751e8b465ee728b)
Start importing Assets/Rayan Ali/Mixamo/Characters/Characters/Ch11_nonPBR@Sitting Talking.fbx using Guid(6a41feb9364141b4ea4e7e496b18640d) Importer(815301076,1909f56bfc062723c751e8b465ee728b)  -> (artifact id: '9f1590f84d7bfe5ff9c1c120fe3372f2') in 0.664031 seconds
Number of updated asset objects reloaded before import = 0
Number of asset objects unloaded after import = 148
========================================================================
Received Import Request.
  Time since last request: 0.000028 seconds.
  path: Assets/Rayan Ali/Mixamo/Characters/Characters/Ch07_nonPBR@Dwarf Idle.fbx
  artifactKey: Guid(a501b5dbb75ece447b0603b652c8122d) Importer(815301076,1909f56bfc062723c751e8b465ee728b)
Start importing Assets/Rayan Ali/Mixamo/Characters/Characters/Ch07_nonPBR@Dwarf Idle.fbx using Guid(a501b5dbb75ece447b0603b652c8122d) Importer(815301076,1909f56bfc062723c751e8b465ee728b)  -> (artifact id: '32be255a146f1b1525c2423a043fa079') in 0.235448 seconds
Number of updated asset objects reloaded before import = 0
Number of asset objects unloaded after import = 172
========================================================================
Received Import Request.
  Time since last request: 3.085820 seconds.
  path: Assets/Rayan Ali/Mixamo/Characters/Characters/Ch42_nonPBR@Talking.fbx
  artifactKey: Guid(05fe99ad54781d24985c3e6cdb1d293e) Importer(815301076,1909f56bfc062723c751e8b465ee728b)
Start importing Assets/Rayan Ali/Mixamo/Characters/Characters/Ch42_nonPBR@Talking.fbx using Guid(05fe99ad54781d24985c3e6cdb1d293e) Importer(815301076,1909f56bfc062723c751e8b465ee728b)  -> (artifact id: '4f566422aa86df5df7299fcbc5565cc5') in 0.211666 seconds
Number of updated asset objects reloaded before import = 0
Number of asset objects unloaded after import = 167
